  glad.c
  main.cpp
x:\projects\game\2dswim\2drunner\main.cpp(204): warning C4244: 'initializing': conversion from 'double' to 'float', possible loss of data
x:\projects\game\2dswim\2drunner\main.cpp(214): warning C4018: '<': signed/unsigned mismatch
x:\projects\game\2dswim\2drunner\main.cpp(217): warning C4018: '<': signed/unsigned mismatch
x:\projects\game\2dswim\2drunner\main.cpp(221): warning C4018: '<': signed/unsigned mismatch
x:\projects\game\2dswim\2drunner\main.cpp(254): warning C4018: '<': signed/unsigned mismatch
x:\projects\game\2dswim\2drunner\main.cpp(264): warning C4018: '<': signed/unsigned mismatch
x:\projects\game\2dswim\2drunner\main.cpp(306): warning C4018: '<': signed/unsigned mismatch
x:\projects\game\2dswim\2drunner\main.cpp(307): warning C4018: '<': signed/unsigned mismatch
  player.cpp
x:\projects\game\2dswim\2drunner\game\player.cpp(62): warning C4244: '=': conversion from 'double' to 'float', possible loss of data
x:\projects\game\2dswim\2drunner\game\player.cpp(68): warning C4244: '=': conversion from 'double' to 'float', possible loss of data
  enemy.cpp
  background.cpp
  UIElement.cpp
  TextRenderer.cpp
x:\projects\game\2dswim\2drunner\engine\textrenderer.cpp(8): warning C4244: '=': conversion from 'int' to 'float', possible loss of data
x:\projects\game\2dswim\2drunner\engine\textrenderer.cpp(9): warning C4244: '=': conversion from 'int' to 'float', possible loss of data
x:\projects\game\2dswim\2drunner\engine\textrenderer.cpp(63): warning C4838: conversion from 'unsigned int' to 'GLint' requires a narrowing conversion
  stb_image.cpp
  SpriteAnimation.cpp
  sprite.cpp
  shader.cpp
  hitBox.cpp
  GameObject.cpp
  Generating Code...
glfw3.lib(context.obj) : warning LNK4099: PDB 'glfw.pdb' was not found with 'glfw3.lib(context.obj)' or at 'X:\Projects\Game\2DSwim\Debug\glfw.pdb'; linking object as if no debug info
glfw3.lib(init.obj) : warning LNK4099: PDB 'glfw.pdb' was not found with 'glfw3.lib(init.obj)' or at 'X:\Projects\Game\2DSwim\Debug\glfw.pdb'; linking object as if no debug info
glfw3.lib(input.obj) : warning LNK4099: PDB 'glfw.pdb' was not found with 'glfw3.lib(input.obj)' or at 'X:\Projects\Game\2DSwim\Debug\glfw.pdb'; linking object as if no debug info
glfw3.lib(monitor.obj) : warning LNK4099: PDB 'glfw.pdb' was not found with 'glfw3.lib(monitor.obj)' or at 'X:\Projects\Game\2DSwim\Debug\glfw.pdb'; linking object as if no debug info
glfw3.lib(vulkan.obj) : warning LNK4099: PDB 'glfw.pdb' was not found with 'glfw3.lib(vulkan.obj)' or at 'X:\Projects\Game\2DSwim\Debug\glfw.pdb'; linking object as if no debug info
glfw3.lib(window.obj) : warning LNK4099: PDB 'glfw.pdb' was not found with 'glfw3.lib(window.obj)' or at 'X:\Projects\Game\2DSwim\Debug\glfw.pdb'; linking object as if no debug info
glfw3.lib(win32_init.obj) : warning LNK4099: PDB 'glfw.pdb' was not found with 'glfw3.lib(win32_init.obj)' or at 'X:\Projects\Game\2DSwim\Debug\glfw.pdb'; linking object as if no debug info
glfw3.lib(win32_joystick.obj) : warning LNK4099: PDB 'glfw.pdb' was not found with 'glfw3.lib(win32_joystick.obj)' or at 'X:\Projects\Game\2DSwim\Debug\glfw.pdb'; linking object as if no debug info
glfw3.lib(win32_monitor.obj) : warning LNK4099: PDB 'glfw.pdb' was not found with 'glfw3.lib(win32_monitor.obj)' or at 'X:\Projects\Game\2DSwim\Debug\glfw.pdb'; linking object as if no debug info
glfw3.lib(win32_time.obj) : warning LNK4099: PDB 'glfw.pdb' was not found with 'glfw3.lib(win32_time.obj)' or at 'X:\Projects\Game\2DSwim\Debug\glfw.pdb'; linking object as if no debug info
glfw3.lib(win32_tls.obj) : warning LNK4099: PDB 'glfw.pdb' was not found with 'glfw3.lib(win32_tls.obj)' or at 'X:\Projects\Game\2DSwim\Debug\glfw.pdb'; linking object as if no debug info
glfw3.lib(win32_window.obj) : warning LNK4099: PDB 'glfw.pdb' was not found with 'glfw3.lib(win32_window.obj)' or at 'X:\Projects\Game\2DSwim\Debug\glfw.pdb'; linking object as if no debug info
glfw3.lib(wgl_context.obj) : warning LNK4099: PDB 'glfw.pdb' was not found with 'glfw3.lib(wgl_context.obj)' or at 'X:\Projects\Game\2DSwim\Debug\glfw.pdb'; linking object as if no debug info
glfw3.lib(egl_context.obj) : warning LNK4099: PDB 'glfw.pdb' was not found with 'glfw3.lib(egl_context.obj)' or at 'X:\Projects\Game\2DSwim\Debug\glfw.pdb'; linking object as if no debug info
  2DRunner.vcxproj -> X:\Projects\Game\2DSwim\Debug\2DRunner.exe
