c:\users\felix\documents\visual studio 2017\projects\2drunner\2drunner\debug\vc141.pdb
c:\users\felix\documents\visual studio 2017\projects\2drunner\2drunner\debug\vc141.idb
c:\users\felix\documents\visual studio 2017\projects\2drunner\2drunner\debug\glad.obj
c:\users\felix\documents\visual studio 2017\projects\2drunner\2drunner\debug\background.obj
c:\users\felix\documents\visual studio 2017\projects\2drunner\2drunner\debug\enemy.obj
c:\users\felix\documents\visual studio 2017\projects\2drunner\2drunner\debug\gameobject.obj
c:\users\felix\documents\visual studio 2017\projects\2drunner\2drunner\debug\hitbox.obj
c:\users\felix\documents\visual studio 2017\projects\2drunner\2drunner\debug\main.obj
c:\users\felix\documents\visual studio 2017\projects\2drunner\2drunner\debug\player.obj
c:\users\felix\documents\visual studio 2017\projects\2drunner\2drunner\debug\shader.obj
c:\users\felix\documents\visual studio 2017\projects\2drunner\2drunner\debug\sprite.obj
c:\users\felix\documents\visual studio 2017\projects\2drunner\2drunner\debug\stb_image.obj
c:\users\felix\documents\visual studio 2017\projects\2drunner\2drunner\debug\textrenderer.obj
c:\users\felix\documents\visual studio 2017\projects\2drunner\2drunner\debug\uielement.obj
c:\users\felix\documents\visual studio 2017\projects\2drunner\2drunner\debug\spriteanimation.obj
c:\users\felix\documents\visual studio 2017\projects\2drunner\debug\2drunner.exe
c:\users\felix\documents\visual studio 2017\projects\2drunner\debug\2drunner.ilk
c:\users\felix\documents\visual studio 2017\projects\2drunner\debug\2drunner.pdb
c:\users\felix\documents\visual studio 2017\projects\2drunner\2drunner\debug\2drunner.tlog\cl.command.1.tlog
c:\users\felix\documents\visual studio 2017\projects\2drunner\2drunner\debug\2drunner.tlog\cl.read.1.tlog
c:\users\felix\documents\visual studio 2017\projects\2drunner\2drunner\debug\2drunner.tlog\cl.write.1.tlog
c:\users\felix\documents\visual studio 2017\projects\2drunner\2drunner\debug\2drunner.tlog\link.command.1.tlog
c:\users\felix\documents\visual studio 2017\projects\2drunner\2drunner\debug\2drunner.tlog\link.read.1.tlog
c:\users\felix\documents\visual studio 2017\projects\2drunner\2drunner\debug\2drunner.tlog\link.write.1.tlog
